<?xml version="1.0" encoding="UTF-8"?>
<testng-results skipped="0" failed="0" total="1" passed="1">
  <reporter-output>
  </reporter-output>
  <suite name="Default suite" duration-ms="167565" started-at="2018-06-24T20:05:35Z" finished-at="2018-06-24T20:08:23Z">
    <groups>
      <group name="cucumber">
        <method signature="AbstractTestNGCucumberTests.feature(cucumber.api.testng.CucumberFeatureWrapper)[pri:0, instance:com.runners.LoginRunner@5e3a8624]" name="feature" class="cucumber.api.testng.AbstractTestNGCucumberTests"/>
      </group> <!-- cucumber -->
    </groups>
    <test name="Default test" duration-ms="167565" started-at="2018-06-24T20:05:35Z" finished-at="2018-06-24T20:08:23Z">
      <class name="com.runners.LoginRunner">
        <test-method status="PASS" signature="setUpClass()[pri:0, instance:com.runners.LoginRunner@5e3a8624]" test-instance-name="" name="setUpClass" is-config="true" duration-ms="329" started-at="2018-06-24T16:05:35Z" finished-at="2018-06-24T16:05:36Z">
          <reporter-output>
          </reporter-output>
        </test-method> <!-- setUpClass -->
        <test-method name="feature" test-instance-name="" signature="feature(cucumber.api.testng.CucumberFeatureWrapper)[pri:0, instance:com.runners.LoginRunner@5e3a8624]" status="PASS" duration-ms="166313" finished-at="2018-06-24T16:08:22Z" started-at="2018-06-24T16:05:36Z" data-provider="features" description="Runs Cucumber Feature">
          <params>
            <param index="0">
              <value>
                <![CDATA[CRM Login Feature]]>
              </value>
            </param>
          </params>
          <reporter-output>
          </reporter-output>
        </test-method> <!-- feature -->
        <test-method status="PASS" signature="writeExtentReport()[pri:0, instance:com.runners.LoginRunner@5e3a8624]" test-instance-name="" name="writeExtentReport" is-config="true" duration-ms="15" started-at="2018-06-24T16:08:22Z" finished-at="2018-06-24T16:08:22Z">
          <reporter-output>
          </reporter-output>
        </test-method> <!-- writeExtentReport -->
        <test-method status="PASS" signature="tearDownClass()[pri:0, instance:com.runners.LoginRunner@5e3a8624]" test-instance-name="" name="tearDownClass" is-config="true" duration-ms="797" started-at="2018-06-24T16:08:22Z" finished-at="2018-06-24T16:08:23Z">
          <reporter-output>
          </reporter-output>
        </test-method> <!-- tearDownClass -->
      </class> <!-- com.runners.LoginRunner -->
    </test> <!-- Default test -->
  </suite> <!-- Default suite -->
</testng-results>
